<?xml version="1.0" encoding="UTF-8"?>
<testng-results ignored="0" total="3" passed="3" failed="0" skipped="0">
  <reporter-output>
  </reporter-output>
  <suite started-at="2024-03-26T22:16:01 IST" name="Gradle suite" finished-at="2024-03-26T22:17:49 IST" duration-ms="107889">
    <groups>
    </groups>
    <test started-at="2024-03-26T22:16:01 IST" name="Gradle test" finished-at="2024-03-26T22:17:49 IST" duration-ms="107889">
      <class name="qtriptest.tests.testCase_01">
        <test-method is-config="true" signature="createDriver()[pri:0, instance:qtriptest.tests.testCase_01@1da2cb77]" started-at="2024-03-26T22:16:01 IST" name="createDriver" finished-at="2024-03-26T22:16:04 IST" duration-ms="3092" status="PASS">
          <reporter-output>
          </reporter-output>
        </test-method> <!-- createDriver -->
        <test-method signature="TestCase01(java.lang.String,java.lang.String)[pri:1, instance:qtriptest.tests.testCase_01@1da2cb77]" started-at="2024-03-26T22:16:06 IST" name="TestCase01" description="Verify User Registration - login - logout" data-provider="data-provider" finished-at="2024-03-26T22:16:40 IST" duration-ms="34725" status="PASS">
          <params>
            <param index="0">
              <value>
                <![CDATA[testuser@gmail.com]]>
              </value>
            </param>
            <param index="1">
              <value>
                <![CDATA[abc@123]]>
              </value>
            </param>
          </params>
          <reporter-output>
          </reporter-output>
        </test-method> <!-- TestCase01 -->
        <test-method signature="TestCase01(java.lang.String,java.lang.String)[pri:1, instance:qtriptest.tests.testCase_01@1da2cb77]" started-at="2024-03-26T22:16:40 IST" name="TestCase01" description="Verify User Registration - login - logout" data-provider="data-provider" finished-at="2024-03-26T22:17:14 IST" duration-ms="34098" status="PASS">
          <params>
            <param index="0">
              <value>
                <![CDATA[TESTUSER@gmail.com]]>
              </value>
            </param>
            <param index="1">
              <value>
                <![CDATA[123456.0]]>
              </value>
            </param>
          </params>
          <reporter-output>
          </reporter-output>
        </test-method> <!-- TestCase01 -->
        <test-method signature="TestCase01(java.lang.String,java.lang.String)[pri:1, instance:qtriptest.tests.testCase_01@1da2cb77]" started-at="2024-03-26T22:17:14 IST" name="TestCase01" description="Verify User Registration - login - logout" data-provider="data-provider" finished-at="2024-03-26T22:17:49 IST" duration-ms="34120" status="PASS">
          <params>
            <param index="0">
              <value>
                <![CDATA[123_USER_low@gmail.com]]>
              </value>
            </param>
            <param index="1">
              <value>
                <![CDATA[QWERTY!!!!]]>
              </value>
            </param>
          </params>
          <reporter-output>
          </reporter-output>
        </test-method> <!-- TestCase01 -->
      </class> <!-- qtriptest.tests.testCase_01 -->
    </test> <!-- Gradle test -->
  </suite> <!-- Gradle suite -->
</testng-results>
