<?xml version="1.0" encoding="UTF-8"?>
<testng-results ignored="0" total="12" passed="12" failed="0" skipped="0">
  <reporter-output>
  </reporter-output>
  <suite started-at="2024-04-03T15:19:34 IST" name="Gradle suite" finished-at="2024-04-03T15:30:51 IST" duration-ms="676499">
    <groups>
      <group name="Booking and Cancellation Flow">
        <method signature="testCase_03.TestCase03(java.lang.String,java.lang.String,java.lang.String,java.lang.String,java.lang.String,java.lang.String,java.lang.String)[pri:3, instance:qtriptest.tests.testCase_03@306e95ec]" name="TestCase03" class="qtriptest.tests.testCase_03"/>
      </group> <!-- Booking and Cancellation Flow -->
      <group name="Reliability Flow">
        <method signature="testCase_04.TestCase04(java.lang.String,java.lang.String,java.lang.String,java.lang.String,java.lang.String)[pri:4, instance:qtriptest.tests.testCase_04@52af26ee]" name="TestCase04" class="qtriptest.tests.testCase_04"/>
      </group> <!-- Reliability Flow -->
      <group name="Search and Filter flow">
        <method signature="testCase_02.TestCase02(java.lang.String,java.lang.String,java.lang.String,java.lang.String,java.lang.String)[pri:2, instance:qtriptest.tests.testCase_02@741a8937]" name="TestCase02" class="qtriptest.tests.testCase_02"/>
      </group> <!-- Search and Filter flow -->
      <group name="Login Flow">
        <method signature="testCase_01.TestCase01(java.lang.String,java.lang.String)[pri:1, instance:qtriptest.tests.testCase_01@5d7148e2]" name="TestCase01" class="qtriptest.tests.testCase_01"/>
      </group> <!-- Login Flow -->
    </groups>
    <test started-at="2024-04-03T15:19:34 IST" name="Gradle test" finished-at="2024-04-03T15:30:51 IST" duration-ms="676499">
      <class name="qtriptest.tests.testCase_01">
        <test-method is-config="true" signature="createDriver()[pri:0, instance:qtriptest.tests.testCase_01@5d7148e2]" started-at="2024-04-03T15:19:34 IST" name="createDriver" finished-at="2024-04-03T15:19:37 IST" duration-ms="2459" status="PASS">
          <reporter-output>
          </reporter-output>
        </test-method> <!-- createDriver -->
        <test-method signature="TestCase01(java.lang.String,java.lang.String)[pri:1, instance:qtriptest.tests.testCase_01@5d7148e2]" started-at="2024-04-03T15:19:38 IST" name="TestCase01" description="Verify User Registration - login - logout" data-provider="data-provider" finished-at="2024-04-03T15:20:06 IST" duration-ms="27906" status="PASS">
          <params>
            <param index="0">
              <value>
                <![CDATA[testuser@gmail.com]]>
              </value>
            </param>
            <param index="1">
              <value>
                <![CDATA[abc@123]]>
              </value>
            </param>
          </params>
          <reporter-output>
          </reporter-output>
        </test-method> <!-- TestCase01 -->
        <test-method signature="TestCase01(java.lang.String,java.lang.String)[pri:1, instance:qtriptest.tests.testCase_01@5d7148e2]" started-at="2024-04-03T15:20:06 IST" name="TestCase01" description="Verify User Registration - login - logout" data-provider="data-provider" finished-at="2024-04-03T15:20:33 IST" duration-ms="26711" status="PASS">
          <params>
            <param index="0">
              <value>
                <![CDATA[TESTUSER@gmail.com]]>
              </value>
            </param>
            <param index="1">
              <value>
                <![CDATA[123456.0]]>
              </value>
            </param>
          </params>
          <reporter-output>
          </reporter-output>
        </test-method> <!-- TestCase01 -->
        <test-method signature="TestCase01(java.lang.String,java.lang.String)[pri:1, instance:qtriptest.tests.testCase_01@5d7148e2]" started-at="2024-04-03T15:20:33 IST" name="TestCase01" description="Verify User Registration - login - logout" data-provider="data-provider" finished-at="2024-04-03T15:21:00 IST" duration-ms="26600" status="PASS">
          <params>
            <param index="0">
              <value>
                <![CDATA[123_USER_low@gmail.com]]>
              </value>
            </param>
            <param index="1">
              <value>
                <![CDATA[QWERTY!!!!]]>
              </value>
            </param>
          </params>
          <reporter-output>
          </reporter-output>
        </test-method> <!-- TestCase01 -->
      </class> <!-- qtriptest.tests.testCase_01 -->
      <class name="qtriptest.tests.testCase_04">
        <test-method is-config="true" signature="createDriver()[pri:0, instance:qtriptest.tests.testCase_04@52af26ee]" started-at="2024-04-03T15:19:37 IST" name="createDriver" finished-at="2024-04-03T15:19:37 IST" duration-ms="0" status="PASS">
          <reporter-output>
          </reporter-output>
        </test-method> <!-- createDriver -->
        <test-method signature="TestCase04(java.lang.String,java.lang.String,java.lang.String,java.lang.String,java.lang.String)[pri:4, instance:qtriptest.tests.testCase_04@52af26ee]" started-at="2024-04-03T15:25:34 IST" name="TestCase04" description="Verify that Booking history can be viewed" data-provider="data-provider" finished-at="2024-04-03T15:27:19 IST" duration-ms="104657" status="PASS">
          <params>
            <param index="0">
              <value>
                <![CDATA[TC4_1@gmail.com]]>
              </value>
            </param>
            <param index="1">
              <value>
                <![CDATA[abc@123]]>
              </value>
            </param>
            <param index="2">
              <value>
                <![CDATA[Bengaluru;Niaboytown;Chicky;01-01-2025;2]]>
              </value>
            </param>
            <param index="3">
              <value>
                <![CDATA[Kolkata;Thton;Cha Cha;01-02-2025;3]]>
              </value>
            </param>
            <param index="4">
              <value>
                <![CDATA[Malaysia;Wootkentree;Bom Bom;02-12-2025;1]]>
              </value>
            </param>
          </params>
          <reporter-output>
          </reporter-output>
        </test-method> <!-- TestCase04 -->
        <test-method signature="TestCase04(java.lang.String,java.lang.String,java.lang.String,java.lang.String,java.lang.String)[pri:4, instance:qtriptest.tests.testCase_04@52af26ee]" started-at="2024-04-03T15:27:19 IST" name="TestCase04" description="Verify that Booking history can be viewed" data-provider="data-provider" finished-at="2024-04-03T15:29:04 IST" duration-ms="105079" status="PASS">
          <params>
            <param index="0">
              <value>
                <![CDATA[TC4_2@gmail.com]]>
              </value>
            </param>
            <param index="1">
              <value>
                <![CDATA[abc@321]]>
              </value>
            </param>
            <param index="2">
              <value>
                <![CDATA[Bengaluru;Fort Sionnnn;Chicky;01-01-2025;2]]>
              </value>
            </param>
            <param index="3">
              <value>
                <![CDATA[Kolkata;North Gelgoon;Cha Cha;01-02-2025;3]]>
              </value>
            </param>
            <param index="4">
              <value>
                <![CDATA[Malaysia;Wootkentree;Lya;02-12-2025;1]]>
              </value>
            </param>
          </params>
          <reporter-output>
          </reporter-output>
        </test-method> <!-- TestCase04 -->
        <test-method signature="TestCase04(java.lang.String,java.lang.String,java.lang.String,java.lang.String,java.lang.String)[pri:4, instance:qtriptest.tests.testCase_04@52af26ee]" started-at="2024-04-03T15:29:04 IST" name="TestCase04" description="Verify that Booking history can be viewed" data-provider="data-provider" finished-at="2024-04-03T15:30:50 IST" duration-ms="105944" status="PASS">
          <params>
            <param index="0">
              <value>
                <![CDATA[TC4_3@gmail.com]]>
              </value>
            </param>
            <param index="1">
              <value>
                <![CDATA[abc@321]]>
              </value>
            </param>
            <param index="2">
              <value>
                <![CDATA[Goa;Perthby;Chicky;01-01-2025;2]]>
              </value>
            </param>
            <param index="3">
              <value>
                <![CDATA[Bengaluru;Niaboytown;Chicky;01-01-2025;2]]>
              </value>
            </param>
            <param index="4">
              <value>
                <![CDATA[Bengaluru;Fort Sionnnn;Chicky;01-01-2025;2]]>
              </value>
            </param>
          </params>
          <reporter-output>
          </reporter-output>
        </test-method> <!-- TestCase04 -->
        <test-method is-config="true" signature="QuitBrowser()[pri:0, instance:qtriptest.tests.testCase_04@52af26ee]" started-at="2024-04-03T15:30:50 IST" name="QuitBrowser" finished-at="2024-04-03T15:30:51 IST" duration-ms="609" status="PASS">
          <reporter-output>
          </reporter-output>
        </test-method> <!-- QuitBrowser -->
      </class> <!-- qtriptest.tests.testCase_04 -->
      <class name="qtriptest.tests.testCase_03">
        <test-method is-config="true" signature="createDriver()[pri:0, instance:qtriptest.tests.testCase_03@306e95ec]" started-at="2024-04-03T15:19:37 IST" name="createDriver" finished-at="2024-04-03T15:19:37 IST" duration-ms="2" status="PASS">
          <reporter-output>
          </reporter-output>
        </test-method> <!-- createDriver -->
        <test-method signature="TestCase03(java.lang.String,java.lang.String,java.lang.String,java.lang.String,java.lang.String,java.lang.String,java.lang.String)[pri:3, instance:qtriptest.tests.testCase_03@306e95ec]" started-at="2024-04-03T15:22:10 IST" name="TestCase03" description="Verify that adventure Booking and cancellation works fine!" data-provider="data-provider" finished-at="2024-04-03T15:23:18 IST" duration-ms="68293" status="PASS">
          <params>
            <param index="0">
              <value>
                <![CDATA[TC3_1@gmaill.com]]>
              </value>
            </param>
            <param index="1">
              <value>
                <![CDATA[abc@123]]>
              </value>
            </param>
            <param index="2">
              <value>
                <![CDATA[Bengaluru]]>
              </value>
            </param>
            <param index="3">
              <value>
                <![CDATA[Niaboytown]]>
              </value>
            </param>
            <param index="4">
              <value>
                <![CDATA[palam]]>
              </value>
            </param>
            <param index="5">
              <value>
                <![CDATA[16-11-2025]]>
              </value>
            </param>
            <param index="6">
              <value>
                <![CDATA[2]]>
              </value>
            </param>
          </params>
          <reporter-output>
          </reporter-output>
        </test-method> <!-- TestCase03 -->
        <test-method signature="TestCase03(java.lang.String,java.lang.String,java.lang.String,java.lang.String,java.lang.String,java.lang.String,java.lang.String)[pri:3, instance:qtriptest.tests.testCase_03@306e95ec]" started-at="2024-04-03T15:23:18 IST" name="TestCase03" description="Verify that adventure Booking and cancellation works fine!" data-provider="data-provider" finished-at="2024-04-03T15:24:26 IST" duration-ms="68283" status="PASS">
          <params>
            <param index="0">
              <value>
                <![CDATA[TC3_2@gmail.com]]>
              </value>
            </param>
            <param index="1">
              <value>
                <![CDATA[abc@123]]>
              </value>
            </param>
            <param index="2">
              <value>
                <![CDATA[Singapore]]>
              </value>
            </param>
            <param index="3">
              <value>
                <![CDATA[Grand Ashland]]>
              </value>
            </param>
            <param index="4">
              <value>
                <![CDATA[biden]]>
              </value>
            </param>
            <param index="5">
              <value>
                <![CDATA[26-11-2025]]>
              </value>
            </param>
            <param index="6">
              <value>
                <![CDATA[4]]>
              </value>
            </param>
          </params>
          <reporter-output>
          </reporter-output>
        </test-method> <!-- TestCase03 -->
        <test-method signature="TestCase03(java.lang.String,java.lang.String,java.lang.String,java.lang.String,java.lang.String,java.lang.String,java.lang.String)[pri:3, instance:qtriptest.tests.testCase_03@306e95ec]" started-at="2024-04-03T15:24:26 IST" name="TestCase03" description="Verify that adventure Booking and cancellation works fine!" data-provider="data-provider" finished-at="2024-04-03T15:25:34 IST" duration-ms="68110" status="PASS">
          <params>
            <param index="0">
              <value>
                <![CDATA[TC3_3@gmail.com]]>
              </value>
            </param>
            <param index="1">
              <value>
                <![CDATA[abc@123]]>
              </value>
            </param>
            <param index="2">
              <value>
                <![CDATA[Bangkok]]>
              </value>
            </param>
            <param index="3">
              <value>
                <![CDATA[Tifwales Ferry]]>
              </value>
            </param>
            <param index="4">
              <value>
                <![CDATA[prabhu]]>
              </value>
            </param>
            <param index="5">
              <value>
                <![CDATA[26-12-2025]]>
              </value>
            </param>
            <param index="6">
              <value>
                <![CDATA[1]]>
              </value>
            </param>
          </params>
          <reporter-output>
          </reporter-output>
        </test-method> <!-- TestCase03 -->
      </class> <!-- qtriptest.tests.testCase_03 -->
      <class name="qtriptest.tests.testCase_02">
        <test-method is-config="true" signature="createDriver()[pri:0, instance:qtriptest.tests.testCase_02@741a8937]" started-at="2024-04-03T15:19:37 IST" name="createDriver" finished-at="2024-04-03T15:19:37 IST" duration-ms="4" status="PASS">
          <reporter-output>
          </reporter-output>
        </test-method> <!-- createDriver -->
        <test-method signature="TestCase02(java.lang.String,java.lang.String,java.lang.String,java.lang.String,java.lang.String)[pri:2, instance:qtriptest.tests.testCase_02@741a8937]" started-at="2024-04-03T15:21:00 IST" name="TestCase02" description="Verify that search and filter work fine" data-provider="data-provider" finished-at="2024-04-03T15:21:23 IST" duration-ms="23306" status="PASS">
          <params>
            <param index="0">
              <value>
                <![CDATA[Bengaluru]]>
              </value>
            </param>
            <param index="1">
              <value>
                <![CDATA[Cycling Routes]]>
              </value>
            </param>
            <param index="2">
              <value>
                <![CDATA[6-12 Hours]]>
              </value>
            </param>
            <param index="3">
              <value>
                <![CDATA[1]]>
              </value>
            </param>
            <param index="4">
              <value>
                <![CDATA[9]]>
              </value>
            </param>
          </params>
          <reporter-output>
          </reporter-output>
        </test-method> <!-- TestCase02 -->
        <test-method signature="TestCase02(java.lang.String,java.lang.String,java.lang.String,java.lang.String,java.lang.String)[pri:2, instance:qtriptest.tests.testCase_02@741a8937]" started-at="2024-04-03T15:21:23 IST" name="TestCase02" description="Verify that search and filter work fine" data-provider="data-provider" finished-at="2024-04-03T15:21:47 IST" duration-ms="23720" status="PASS">
          <params>
            <param index="0">
              <value>
                <![CDATA[Singapore]]>
              </value>
            </param>
            <param index="1">
              <value>
                <![CDATA[Hillside Getaways]]>
              </value>
            </param>
            <param index="2">
              <value>
                <![CDATA[6-12 Hours]]>
              </value>
            </param>
            <param index="3">
              <value>
                <![CDATA[1]]>
              </value>
            </param>
            <param index="4">
              <value>
                <![CDATA[8]]>
              </value>
            </param>
          </params>
          <reporter-output>
          </reporter-output>
        </test-method> <!-- TestCase02 -->
        <test-method signature="TestCase02(java.lang.String,java.lang.String,java.lang.String,java.lang.String,java.lang.String)[pri:2, instance:qtriptest.tests.testCase_02@741a8937]" started-at="2024-04-03T15:21:47 IST" name="TestCase02" description="Verify that search and filter work fine" data-provider="data-provider" finished-at="2024-04-03T15:22:09 IST" duration-ms="22661" status="PASS">
          <params>
            <param index="0">
              <value>
                <![CDATA[Goa]]>
              </value>
            </param>
            <param index="1">
              <value>
                <![CDATA[Party Spots]]>
              </value>
            </param>
            <param index="2">
              <value>
                <![CDATA[2-6 Hours]]>
              </value>
            </param>
            <param index="3">
              <value>
                <![CDATA[1]]>
              </value>
            </param>
            <param index="4">
              <value>
                <![CDATA[11]]>
              </value>
            </param>
          </params>
          <reporter-output>
          </reporter-output>
        </test-method> <!-- TestCase02 -->
      </class> <!-- qtriptest.tests.testCase_02 -->
    </test> <!-- Gradle test -->
  </suite> <!-- Gradle suite -->
</testng-results>
